zidan logged in successfully
form is valid
zidan logged in successfully
valid edit form
zidan  updated his profile
zidan logged in successfully
zidan logged in successfully
zidan logged in successfully
form is valid
/media/Enrique_Iglesias_2007.11.29_3.jpg
created a new user successfully with username: fathy
zidan logged in successfully
fathy logged in successfully
zidan logged in successfully
zidan promoted fathy.
fathy logged in successfully
zidan logged in successfully
valid edit form
zidan  updated his profile
zidan logged in successfully
